<?xml version="1.0" encoding="UTF-8"?>
<!-- Generated by org.testng.reporters.JUnitXMLReporter -->
<testsuite ignored="12" hostname="DESKTOP-3R5TTIF" failures="0" tests="4" name="Test_edge" time="31.722" errors="0" timestamp="2025-09-22T15:29:35 IST">
  <testcase classname="TestNg.NavigateToFlipkart" name="flipkart" time="9.106"/>
  <testcase classname="TestNg.NavigateToSwiggy" name="swiggy" time="8.54"/>
  <testcase classname="TestNg.NavigateToZomato" name="zomato" time="4.969"/>
  <testcase classname="TestNg.NavigateToQspiders" name="qspiders" time="9.0"/>
  <testcase classname="BaseclassUtility.Baseclass" name="@BeforeTest bt" time="0.0">
    <ignored/>
  </testcase> <!-- @BeforeTest bt -->
  <testcase classname="BaseclassUtility.Baseclass" name="@AfterSuite as" time="0.0">
    <ignored/>
  </testcase> <!-- @AfterSuite as -->
  <testcase classname="BaseclassUtility.Baseclass" name="@BeforeSuite bs" time="0.0">
    <ignored/>
  </testcase> <!-- @BeforeSuite bs -->
  <testcase classname="BaseclassUtility.Baseclass" name="@AfterTest at" time="0.0">
    <ignored/>
  </testcase> <!-- @AfterTest at -->
  <testcase classname="BaseclassUtility.Baseclass" name="@AfterTest at" time="0.0">
    <ignored/>
  </testcase> <!-- @AfterTest at -->
  <testcase classname="BaseclassUtility.Baseclass" name="@BeforeTest bt" time="0.0">
    <ignored/>
  </testcase> <!-- @BeforeTest bt -->
  <testcase classname="BaseclassUtility.Baseclass" name="@AfterTest at" time="0.0">
    <ignored/>
  </testcase> <!-- @AfterTest at -->
  <testcase classname="BaseclassUtility.Baseclass" name="@AfterSuite as" time="0.0">
    <ignored/>
  </testcase> <!-- @AfterSuite as -->
  <testcase classname="BaseclassUtility.Baseclass" name="@BeforeSuite bs" time="0.0">
    <ignored/>
  </testcase> <!-- @BeforeSuite bs -->
  <testcase classname="BaseclassUtility.Baseclass" name="@BeforeTest bt" time="0.0">
    <ignored/>
  </testcase> <!-- @BeforeTest bt -->
  <testcase classname="BaseclassUtility.Baseclass" name="@AfterSuite as" time="0.0">
    <ignored/>
  </testcase> <!-- @AfterSuite as -->
  <testcase classname="BaseclassUtility.Baseclass" name="@BeforeSuite bs" time="0.0">
    <ignored/>
  </testcase> <!-- @BeforeSuite bs -->
</testsuite> <!-- Test_edge -->
