<?xml version="1.0" encoding="UTF-8"?>
<testng-results ignored="0" total="2" passed="2" failed="0" skipped="0">
  <reporter-output>
  </reporter-output>
  <suite started-at="2025-09-23T15:46:13 IST" name="Default suite" finished-at="2025-09-23T15:46:13 IST" duration-ms="142">
    <groups>
    </groups>
    <test started-at="2025-09-23T15:46:13 IST" name="Default test" finished-at="2025-09-23T15:46:13 IST" duration-ms="142">
      <class name="DataProvidersUtilization.UsingDataProviders">
        <test-method signature="loginTest(java.lang.String,java.lang.String)[pri:0, instance:DataProvidersUtilization.UsingDataProviders@217ed35e]" started-at="2025-09-23T15:46:13 IST" name="loginTest" data-provider="data" finished-at="2025-09-23T15:46:13 IST" duration-ms="27" status="PASS">
          <params>
            <param index="0">
              <value>
                <![CDATA[un1]]>
              </value>
            </param>
            <param index="1">
              <value>
                <![CDATA[pswd1]]>
              </value>
            </param>
          </params>
          <reporter-output>
          </reporter-output>
        </test-method> <!-- loginTest -->
        <test-method signature="loginTest(java.lang.String,java.lang.String)[pri:0, instance:DataProvidersUtilization.UsingDataProviders@217ed35e]" started-at="2025-09-23T15:46:13 IST" name="loginTest" data-provider="data" finished-at="2025-09-23T15:46:13 IST" duration-ms="4" status="PASS">
          <params>
            <param index="0">
              <value>
                <![CDATA[un2]]>
              </value>
            </param>
            <param index="1">
              <value>
                <![CDATA[pswd2]]>
              </value>
            </param>
          </params>
          <reporter-output>
          </reporter-output>
        </test-method> <!-- loginTest -->
      </class> <!-- DataProvidersUtilization.UsingDataProviders -->
    </test> <!-- Default test -->
  </suite> <!-- Default suite -->
</testng-results>
